Mono path[0] = 'F:/v/Hollow Knight Silksong/Hollow Knight Silksong_Data/Managed'
Mono config path = 'F:/v/Hollow Knight Silksong/MonoBleedingEdge/etc'
Input System module state changed to: Initialized.
[Physics::Module] Initialized fallback backend.
[Physics::Module] Id: 0xdecafbad
Initialize engine version: 6000.0.50f1-uum-100966-branch1 (359a00488d30)
[Subsystems] Discovering subsystems at path F:/v/Hollow Knight Silksong/Hollow Knight Silksong_Data/UnitySubsystems
GfxDevice: creating device client; kGfxThreadingModeThreaded
Direct3D:
    Version:  Direct3D 11.0 [level 11.0]
    Renderer: NVIDIA GeForce GT 710 (ID=0x128b)
    Vendor:   NVIDIA
    VRAM:     984 MB
    Driver:   27.21.14.6109
Begin MonoManager ReloadAssembly
- Loaded All Assemblies, in  0.171 seconds
- Finished resetting the current domain, in  0.002 seconds
[Physics::Module] Selected backend.
[Physics::Module] Name: PhysX
[Physics::Module] Id: 0xf2b8ea05
[Physics::Module] SDK Version: 4.1.2
[Physics::Module] Integration Version: 1.0.0
[Physics::Module] Threading Mode: Multi-Threaded
<RI> Initializing input.
XInput1_3.dll not found. Trying XInput9_1_0.dll instead...
<RI> Input initialized.
<RI> Initialized touch support.
UnloadTime: 0.438000 ms
Steam initializing
Steam failed to initialize
Selected online subsystem SteamOnlineSubsystem
Unloading 5 Unused Serialized files (Serialized files now loaded: 527)
UnloadTime: 1.270000 ms
Discovered supported languages: DE, EN, ES, FR, IT, JA, KO, PT, RU, ZH
Loaded saved language code 'EN'
Restored language code 'EN'
Couldn't find a Game Manager, make sure one exists in the scene.
Couldn't find GameCameras, make sure one exists in the scene.
Unloading 51 unused Assets to reduce memory usage. Loaded Objects now: 6108.
Total: 3.617400 ms (FindLiveObjects: 0.375000 ms CreateObjectMapping: 0.474000 ms MarkObjects: 2.741100 ms  DeleteObjects: 0.027000 ms)

Unloading 2 Unused Serialized files (Serialized files now loaded: 527)
Unloading 1 unused Assets to reduce memory usage. Loaded Objects now: 13326.
Total: 5.969900 ms (FindLiveObjects: 0.501700 ms CreateObjectMapping: 0.754600 ms MarkObjects: 4.697600 ms  DeleteObjects: 0.016000 ms)

Unloading 1 Unused Serialized files (Serialized files now loaded: 579)
Couldn't find GameCameras, make sure one exists in the scene.
Couldn't find a Game Manager, make sure one exists in the scene.
UnloadTime: 6.434200 ms
Loaded saved language code 'EN'
Restored language code 'EN'
Unloading 73 unused Assets to reduce memory usage. Loaded Objects now: 66300.
Total: 27.765000 ms (FindLiveObjects: 4.034100 ms CreateObjectMapping: 5.556500 ms MarkObjects: 17.920200 ms  DeleteObjects: 0.254000 ms)

MenuButton missing flashEffect!
Making UI menu lean.
Only custom filters can be played. Please add a custom filter or an audioclip to the audiosource (Audio Player Actor Distant V2(Clone)).
Only custom filters can be played. Please add a custom filter or an audioclip to the audiosource (Audio Player Actor Distant V2(Clone)).
Only custom filters can be played. Please add a custom filter or an audioclip to the audiosource (Audio Player Actor Distant V2(Clone)).
Unloading 3 Unused Serialized files (Serialized files now loaded: 610)
Unloading 113 unused Assets to reduce memory usage. Loaded Objects now: 123998.
Total: 52.483200 ms (FindLiveObjects: 7.652700 ms CreateObjectMapping: 9.640900 ms MarkObjects: 34.351600 ms  DeleteObjects: 0.837800 ms)

Converting Vertex Colors from Color32 to Color.
Converting Vertex Colors from Color32 to Color.
Converting Vertex Colors from Color32 to Color.
Text Type (TextMeshUpdateMinHeight) Setting height to 0.63 for Learn
Text Type (TextMeshUpdateMinHeight) Setting height to 0.63 for Learn
Text Type (TextMeshUpdateMinHeight) Setting height to 0.63 for Learn
Only custom filters can be played. Please add a custom filter or an audioclip to the audiosource (Audio Player Actor Distant V2(Clone)).
Only custom filters can be played. Please add a custom filter or an audioclip to the audiosource (Audio Player Actor Distant V2(Clone)).
Unable to retrieve achievement state for FIRST_MASK, because Steam is not initialized
Unable to update achievement progress for ALL_MASKS, because Steam is not initialized
Only custom filters can be played. Please add a custom filter or an audioclip to the audiosource (Audio Player Actor Distant V2(Clone)).
Unloading 1 Unused Serialized files (Serialized files now loaded: 638)
UnloadTime: 6.027300 ms
First video frame not zero: 4 (0.066667s). Result may be out of sync. Please make sure tracks all start at 0 in archive:/CAB-0f5953b2e3eceadc6ff0eb39c4e8f3c5/CAB-0f5953b2e3eceadc6ff0eb39c4e8f3c5.resource
Unloading 9760 unused Assets to reduce memory usage. Loaded Objects now: 131792.
Total: 114.838600 ms (FindLiveObjects: 10.546100 ms CreateObjectMapping: 11.733100 ms MarkObjects: 56.084100 ms  DeleteObjects: 36.475000 ms)

Unloading 2 Unused Serialized files (Serialized files now loaded: 650)
Unloading 106 unused Assets to reduce memory usage. Loaded Objects now: 143898.
Total: 63.805700 ms (FindLiveObjects: 10.104700 ms CreateObjectMapping: 8.069300 ms MarkObjects: 44.810100 ms  DeleteObjects: 0.821300 ms)

Unloading 1 Unused Serialized files (Serialized files now loaded: 628)
Unloading 1659 unused Assets to reduce memory usage. Loaded Objects now: 143853.
Total: 83.548700 ms (FindLiveObjects: 10.508600 ms CreateObjectMapping: 8.111500 ms MarkObjects: 56.265600 ms  DeleteObjects: 8.662600 ms)

Unloading 1 Unused Serialized files (Serialized files now loaded: 628)
Unloading 1643 unused Assets to reduce memory usage. Loaded Objects now: 143886.
Total: 81.494800 ms (FindLiveObjects: 9.222900 ms CreateObjectMapping: 8.275100 ms MarkObjects: 55.942600 ms  DeleteObjects: 8.054000 ms)

Unloading 1 Unused Serialized files (Serialized files now loaded: 628)
Unloading 1649 unused Assets to reduce memory usage. Loaded Objects now: 143907.
Total: 81.942700 ms (FindLiveObjects: 9.300700 ms CreateObjectMapping: 8.007500 ms MarkObjects: 56.742900 ms  DeleteObjects: 7.891200 ms)

Unloading 1 Unused Serialized files (Serialized files now loaded: 628)
Unloading 1651 unused Assets to reduce memory usage. Loaded Objects now: 143988.
Total: 80.924200 ms (FindLiveObjects: 9.359500 ms CreateObjectMapping: 8.252800 ms MarkObjects: 55.247800 ms  DeleteObjects: 8.063800 ms)

Text Type (TextMeshUpdateMinHeight) Setting height to 0.63 for Learn
Text Type (TextMeshUpdateMinHeight) Setting height to 0.63 for Learn
Text Type (TextMeshUpdateMinHeight) Setting height to 0.63 for Learn
Text Type (TextMeshUpdateMinHeight) Setting height to 0.63 for Learn
Text Type (TextMeshUpdateMinHeight) Setting height to 0.63 for Learn
Text Type (TextMeshUpdateMinHeight) Setting height to 0.63 for Learn
Unloading 1 Unused Serialized files (Serialized files now loaded: 628)
Unloading 1643 unused Assets to reduce memory usage. Loaded Objects now: 143977.
Total: 83.993300 ms (FindLiveObjects: 10.387200 ms CreateObjectMapping: 8.357500 ms MarkObjects: 57.211600 ms  DeleteObjects: 8.036800 ms)

Unloading 1 Unused Serialized files (Serialized files now loaded: 628)
Unloading 1643 unused Assets to reduce memory usage. Loaded Objects now: 144066.
Total: 85.168300 ms (FindLiveObjects: 10.698000 ms CreateObjectMapping: 8.158300 ms MarkObjects: 58.283800 ms  DeleteObjects: 8.027900 ms)

Text Type (TextMeshUpdateMinHeight) Setting height to 0.63 for Learn
Text Type (TextMeshUpdateMinHeight) Setting height to 0.63 for Learn
Text Type (TextMeshUpdateMinHeight) Setting height to 0.63 for Learn
Text Type (TextMeshUpdateMinHeight) Setting height to 0.63 for Learn
Text Type (TextMeshUpdateMinHeight) Setting height to 0.63 for Learn
Text Type (TextMeshUpdateMinHeight) Setting height to 0.63 for Learn
Can not play a disabled audio source
Unloading 1 Unused Serialized files (Serialized files now loaded: 628)
Unloading 1649 unused Assets to reduce memory usage. Loaded Objects now: 144040.
Total: 78.969800 ms (FindLiveObjects: 9.346300 ms CreateObjectMapping: 8.259800 ms MarkObjects: 53.233400 ms  DeleteObjects: 8.130000 ms)

Unloading 1 Unused Serialized files (Serialized files now loaded: 628)
Unloading 1641 unused Assets to reduce memory usage. Loaded Objects now: 144113.
Total: 82.955400 ms (FindLiveObjects: 10.328500 ms CreateObjectMapping: 8.019600 ms MarkObjects: 56.307200 ms  DeleteObjects: 8.300000 ms)

Text Type (TextMeshUpdateMinHeight) Setting height to 0.63 for Learn
Text Type (TextMeshUpdateMinHeight) Setting height to 0.63 for Learn
Text Type (TextMeshUpdateMinHeight) Setting height to 0.63 for Learn
Text Type (TextMeshUpdateMinHeight) Setting height to 0.63 for Learn
Text Type (TextMeshUpdateMinHeight) Setting height to 0.63 for Learn
Text Type (TextMeshUpdateMinHeight) Setting height to 0.63 for Learn
Unloading 1 Unused Serialized files (Serialized files now loaded: 628)
Unloading 1649 unused Assets to reduce memory usage. Loaded Objects now: 144097.
Total: 80.621800 ms (FindLiveObjects: 10.747600 ms CreateObjectMapping: 8.205700 ms MarkObjects: 53.242500 ms  DeleteObjects: 8.425800 ms)

Unloading 1 Unused Serialized files (Serialized files now loaded: 628)
Unloading 1643 unused Assets to reduce memory usage. Loaded Objects now: 144192.
Total: 84.657100 ms (FindLiveObjects: 9.407900 ms CreateObjectMapping: 8.156100 ms MarkObjects: 59.093000 ms  DeleteObjects: 7.999900 ms)

Unloading 1 Unused Serialized files (Serialized files now loaded: 628)
Unloading 1643 unused Assets to reduce memory usage. Loaded Objects now: 144158.
Total: 82.114300 ms (FindLiveObjects: 9.317000 ms CreateObjectMapping: 8.297600 ms MarkObjects: 56.088600 ms  DeleteObjects: 8.410900 ms)

Unloading 1 Unused Serialized files (Serialized files now loaded: 628)
Unloading 1662 unused Assets to reduce memory usage. Loaded Objects now: 144257.
Total: 84.054700 ms (FindLiveObjects: 10.368400 ms CreateObjectMapping: 8.097000 ms MarkObjects: 57.545300 ms  DeleteObjects: 8.043800 ms)

Unloading 1 Unused Serialized files (Serialized files now loaded: 628)
Unloading 1651 unused Assets to reduce memory usage. Loaded Objects now: 144245.
Total: 82.306000 ms (FindLiveObjects: 10.646900 ms CreateObjectMapping: 8.058500 ms MarkObjects: 55.507200 ms  DeleteObjects: 8.093100 ms)

Unloading 1 Unused Serialized files (Serialized files now loaded: 628)
Unloading 1649 unused Assets to reduce memory usage. Loaded Objects now: 144320.
Total: 81.513300 ms (FindLiveObjects: 9.318600 ms CreateObjectMapping: 8.382700 ms MarkObjects: 55.704900 ms  DeleteObjects: 8.106800 ms)

Unloading 1 Unused Serialized files (Serialized files now loaded: 628)
Unloading 1651 unused Assets to reduce memory usage. Loaded Objects now: 144309.
Total: 74.018700 ms (FindLiveObjects: 9.586700 ms CreateObjectMapping: 8.317800 ms MarkObjects: 47.940900 ms  DeleteObjects: 8.173100 ms)

Unloading 1 Unused Serialized files (Serialized files now loaded: 628)
Unloading 1651 unused Assets to reduce memory usage. Loaded Objects now: 144382.
Total: 68.306000 ms (FindLiveObjects: 9.760100 ms CreateObjectMapping: 8.119900 ms MarkObjects: 41.792500 ms  DeleteObjects: 8.632700 ms)

Couldn't find a Game Manager, make sure one exists in the scene.
Couldn't find a Game Manager, make sure one exists in the scene.
Couldn't find a Game Manager, make sure one exists in the scene.
Couldn't find a Game Manager, make sure one exists in the scene.
Couldn't find a Game Manager, make sure one exists in the scene.
Couldn't find a Game Manager, make sure one exists in the scene.
Couldn't find a Game Manager, make sure one exists in the scene.
[Physics::Module] Cleanup current backned.
[Physics::Module] Id: 0xf2b8ea05
Input System module state changed to: ShutdownInProgress.
Input System polling thread exited.
Input System module state changed to: Shutdown.
